Using pre-set license
Built from '2021.3/staging' branch; Version is '2021.3.10f1 (1c7d0df0160b) revision 1867021'; Using compiler version '192829333'; Build Type 'Release'
OS: 'Windows 10  (10.0.19045) 64bit Professional' Language: 'ru' Physical Memory: 16336 MB
BatchMode: 1, IsHumanControllingUs: 0, StartBugReporterOnCrash: 0, Is64bit: 1, IsPro: 1

COMMAND LINE ARGUMENTS:
D:\Unity\2021.3.10f1\Editor\Unity.exe
-adb2
-batchMode
-noUpm
-name
AssetImportWorker0
-projectPath
D:/GitHubRepos/game-gardener
-logFile
Logs/AssetImportWorker0.log
-srvPort
55223
Successfully changed project path to: D:/GitHubRepos/game-gardener
D:/GitHubRepos/game-gardener
[UnityMemory] Configuration Parameters - Can be set up in boot.config
    "memorysetup-bucket-allocator-granularity=16"
    "memorysetup-bucket-allocator-bucket-count=8"
    "memorysetup-bucket-allocator-block-size=33554432"
    "memorysetup-bucket-allocator-block-count=8"
    "memorysetup-main-allocator-block-size=16777216"
    "memorysetup-thread-allocator-block-size=16777216"
    "memorysetup-gfx-main-allocator-block-size=16777216"
    "memorysetup-gfx-thread-allocator-block-size=16777216"
    "memorysetup-cache-allocator-block-size=4194304"
    "memorysetup-typetree-allocator-block-size=2097152"
    "memorysetup-profiler-bucket-allocator-granularity=16"
    "memorysetup-profiler-bucket-allocator-bucket-count=8"
    "memorysetup-profiler-bucket-allocator-block-size=33554432"
    "memorysetup-profiler-bucket-allocator-block-count=8"
    "memorysetup-profiler-allocator-block-size=16777216"
    "memorysetup-profiler-editor-allocator-block-size=1048576"
    "memorysetup-temp-allocator-size-main=16777216"
    "memorysetup-job-temp-allocator-block-size=2097152"
    "memorysetup-job-temp-allocator-block-size-background=1048576"
    "memorysetup-job-temp-allocator-reduction-small-platforms=262144"
    "memorysetup-temp-allocator-size-background-worker=32768"
    "memorysetup-temp-allocator-size-job-worker=262144"
    "memorysetup-temp-allocator-size-preload-manager=33554432"
    "memorysetup-temp-allocator-size-nav-mesh-worker=65536"
    "memorysetup-temp-allocator-size-audio-worker=65536"
    "memorysetup-temp-allocator-size-cloud-worker=32768"
    "memorysetup-temp-allocator-size-gi-baking-worker=262144"
    "memorysetup-temp-allocator-size-gfx=262144"
Refreshing native plugins compatible for Editor in 93.98 ms, found 3 plugins.
Preloading 0 native plugins for Editor in 0.00 ms.
Initialize engine version: 2021.3.10f1 (1c7d0df0160b)
[Subsystems] Discovering subsystems at path D:/Unity/2021.3.10f1/Editor/Data/Resources/UnitySubsystems
[Subsystems] Discovering subsystems at path D:/GitHubRepos/game-gardener/Assets
GfxDevice: creating device client; threaded=0; jobified=0
Direct3D:
    Version:  Direct3D 11.0 [level 11.1]
    Renderer: NVIDIA GeForce GTX 1050 Ti (ID=0x1c82)
    Vendor:   NVIDIA
    VRAM:     4018 MB
    Driver:   31.0.15.1694
Initialize mono
Mono path[0] = 'D:/Unity/2021.3.10f1/Editor/Data/Managed'
Mono path[1] = 'D:/Unity/2021.3.10f1/Editor/Data/MonoBleedingEdge/lib/mono/unityjit-win32'
Mono config path = 'D:/Unity/2021.3.10f1/Editor/Data/MonoBleedingEdge/etc'
Using monoOptions --debugger-agent=transport=dt_socket,embedding=1,server=y,suspend=n,address=127.0.0.1:56764
Begin MonoManager ReloadAssembly
Registering precompiled unity dll's ...
Register platform support module: D:/Unity/2021.3.10f1/Editor/Data/PlaybackEngines/WindowsStandaloneSupport/UnityEditor.WindowsStandalone.Extensions.dll
Registered in 0.002732 seconds.
Native extension for WindowsStandalone target not found
Refreshing native plugins compatible for Editor in 89.79 ms, found 3 plugins.
Preloading 0 native plugins for Editor in 0.00 ms.
Mono: successfully reloaded assembly
- Completed reload, in  0.675 seconds
Domain Reload Profiling:
	ReloadAssembly (675ms)
		BeginReloadAssembly (73ms)
			ExecutionOrderSort (0ms)
			DisableScriptedObjects (0ms)
			BackupInstance (0ms)
			ReleaseScriptingObjects (0ms)
			CreateAndSetChildDomain (1ms)
		EndReloadAssembly (493ms)
			LoadAssemblies (72ms)
			RebuildTransferFunctionScriptingTraits (0ms)
			SetupTypeCache (117ms)
			ReleaseScriptCaches (0ms)
			RebuildScriptCaches (33ms)
			SetupLoadedEditorAssemblies (292ms)
				LogAssemblyErrors (0ms)
				InitializePlatformSupportModulesInManaged (7ms)
				SetLoadedEditorAssemblies (0ms)
				RefreshPlugins (90ms)
				BeforeProcessingInitializeOnLoad (1ms)
				ProcessInitializeOnLoadAttributes (141ms)
				ProcessInitializeOnLoadMethodAttributes (52ms)
				AfterProcessingInitializeOnLoad (0ms)
				EditorAssembliesLoaded (0ms)
			ExecutionOrderSort2 (0ms)
			AwakeInstancesAfterBackupRestoration (0ms)
Platform modules already initialized, skipping
Registering precompiled user dll's ...
Registered in 0.004552 seconds.
Begin MonoManager ReloadAssembly
Symbol file LoadedFromMemory doesn't match image D:\GitHubRepos\game-gardener\Library\PackageCache\com.unity.visualscripting@1.7.8\Editor\VisualScripting.Core\Dependencies\YamlDotNet\Unity.VisualScripting.YamlDotNet.dll
Symbol file LoadedFromMemory doesn't match image D:\GitHubRepos\game-gardener\Library\PackageCache\com.unity.visualscripting@1.7.8\Editor\VisualScripting.Core\Dependencies\DotNetZip\Unity.VisualScripting.IonicZip.dll
Native extension for WindowsStandalone target not found
Refreshing native plugins compatible for Editor in 0.56 ms, found 3 plugins.
Preloading 0 native plugins for Editor in 0.00 ms.
Mono: successfully reloaded assembly
- Completed reload, in  1.069 seconds
Domain Reload Profiling:
	ReloadAssembly (1070ms)
		BeginReloadAssembly (111ms)
			ExecutionOrderSort (0ms)
			DisableScriptedObjects (6ms)
			BackupInstance (0ms)
			ReleaseScriptingObjects (0ms)
			CreateAndSetChildDomain (19ms)
		EndReloadAssembly (838ms)
			LoadAssemblies (80ms)
			RebuildTransferFunctionScriptingTraits (0ms)
			SetupTypeCache (281ms)
			ReleaseScriptCaches (1ms)
			RebuildScriptCaches (54ms)
			SetupLoadedEditorAssemblies (383ms)
				LogAssemblyErrors (0ms)
				InitializePlatformSupportModulesInManaged (4ms)
				SetLoadedEditorAssemblies (0ms)
				RefreshPlugins (1ms)
				BeforeProcessingInitializeOnLoad (84ms)
				ProcessInitializeOnLoadAttributes (258ms)
				ProcessInitializeOnLoadMethodAttributes (32ms)
				AfterProcessingInitializeOnLoad (4ms)
				EditorAssembliesLoaded (0ms)
			ExecutionOrderSort2 (0ms)
			AwakeInstancesAfterBackupRestoration (7ms)
Platform modules already initialized, skipping
========================================================================
Worker process is ready to serve import requests
Launched and connected shader compiler UnityShaderCompiler.exe after 0.05 seconds
Refreshing native plugins compatible for Editor in 0.60 ms, found 3 plugins.
Preloading 0 native plugins for Editor in 0.00 ms.
Unloading 3443 Unused Serialized files (Serialized files now loaded: 0)
Unloading 25 unused Assets / (56.3 KB). Loaded Objects now: 3905.
Memory consumption went from 122.8 MB to 122.8 MB.
Total: 2.940800 ms (FindLiveObjects: 0.271900 ms CreateObjectMapping: 0.216400 ms MarkObjects: 2.360100 ms  DeleteObjects: 0.091200 ms)

AssetImportParameters requested are different than current active one (requested -> active):
  custom:video-decoder-ogg-theora: a1e56fd34408186e4bbccfd4996cb3dc -> 
  custom:container-muxer-webm: aa71ff27fc2769a1b78a27578f13a17b -> 
  custom:container-demuxer-webm: 4f35f7cbe854078d1ac9338744f61a02 -> 
  custom:video-encoder-webm-vp8: eb34c28f22e8b96e1ab97ce403110664 -> 
  custom:audio-encoder-webm-vorbis: bf7c407c2cedff20999df2af8eb42d56 -> 
  custom:framework-win-MediaFoundation: 216162199b28c13a410421893ffa2e32 -> 
  custom:container-demuxer-ogg: 62fdf1f143b41e24485cea50d1cbac27 -> 
  custom:video-decoder-webm-vp8: 9c59270c3fd7afecdb556c50c9e8de78 -> 
  custom:audio-decoder-ogg-vorbis: bf7c407c2cedff20999df2af8eb42d56 -> 
========================================================================
Received Import Request.
  Time since last request: 4535.886976 seconds.
  path: Assets/Alstra Infinite/Tool Set - PolyPack
  artifactKey: Guid(d2cbd18efd62eca45a176b11a8c70ca6) Importer(815301076,1909f56bfc062723c751e8b465ee728b)
Start importing Assets/Alstra Infinite/Tool Set - PolyPack using Guid(d2cbd18efd62eca45a176b11a8c70ca6) Importer(815301076,1909f56bfc062723c751e8b465ee728b)  -> (artifact id: '3ffe4bab57d65bc4d8355e1629f83198') in 0.011034 seconds 
========================================================================
Received Import Request.
  Time since last request: 25.212736 seconds.
  path: Assets/Alstra Infinite/Tool Set - PolyPack/Models
  artifactKey: Guid(0eb98f52021d1da42b727b4ecf6719d0) Importer(815301076,1909f56bfc062723c751e8b465ee728b)
Start importing Assets/Alstra Infinite/Tool Set - PolyPack/Models using Guid(0eb98f52021d1da42b727b4ecf6719d0) Importer(815301076,1909f56bfc062723c751e8b465ee728b)  -> (artifact id: '84e77a492630997c32d4cb80dc3f1220') in 0.010189 seconds 
========================================================================
Received Import Request.
  Time since last request: 0.046301 seconds.
  path: Assets/Alstra Infinite/Tool Set - PolyPack/Models/ScytheV1.fbx
  artifactKey: Guid(2dbfb94aea12daf43bbaa0bdf3d9b5f4) Importer(815301076,1909f56bfc062723c751e8b465ee728b)
Start importing Assets/Alstra Infinite/Tool Set - PolyPack/Models/ScytheV1.fbx using Guid(2dbfb94aea12daf43bbaa0bdf3d9b5f4) Importer(815301076,1909f56bfc062723c751e8b465ee728b)  -> (artifact id: '68c96bc573fcbab1c4968f5a02f1c7a1') in 0.402632 seconds 
========================================================================
Received Import Request.
  Time since last request: 0.000038 seconds.
  path: Assets/Alstra Infinite/Tool Set - PolyPack/Models/SpadeV1.fbx
  artifactKey: Guid(34c8f925cbe5a484f822ef5d7eb33fac) Importer(815301076,1909f56bfc062723c751e8b465ee728b)
Start importing Assets/Alstra Infinite/Tool Set - PolyPack/Models/SpadeV1.fbx using Guid(34c8f925cbe5a484f822ef5d7eb33fac) Importer(815301076,1909f56bfc062723c751e8b465ee728b)  -> (artifact id: 'eb823d4d4ed24f4cf4055c2714a744fb') in 0.047718 seconds 
========================================================================
Received Import Request.
  Time since last request: 7.947815 seconds.
  path: Assets/Alstra Infinite/Tool Set - PolyPack/Prefabs/ScytheV1.prefab
  artifactKey: Guid(6d5c973482b67d04e8b5574a2dc815a5) Importer(815301076,1909f56bfc062723c751e8b465ee728b)
Start importing Assets/Alstra Infinite/Tool Set - PolyPack/Prefabs/ScytheV1.prefab using Guid(6d5c973482b67d04e8b5574a2dc815a5) Importer(815301076,1909f56bfc062723c751e8b465ee728b)  -> (artifact id: 'e8c92863d05fbd83a074ec1d0d12ab70') in 0.067121 seconds 
========================================================================
Received Import Request.
  Time since last request: 0.000021 seconds.
  path: Assets/Alstra Infinite/Tool Set - PolyPack/Prefabs/SpadeV1.prefab
  artifactKey: Guid(ebc7f9d4d8f21a145b5f8bcb031a5ab1) Importer(815301076,1909f56bfc062723c751e8b465ee728b)
Start importing Assets/Alstra Infinite/Tool Set - PolyPack/Prefabs/SpadeV1.prefab using Guid(ebc7f9d4d8f21a145b5f8bcb031a5ab1) Importer(815301076,1909f56bfc062723c751e8b465ee728b)  -> (artifact id: 'e85b5c25d772b0c5b0c36e5ddd7347b9') in 0.017555 seconds 
========================================================================
Received Import Request.
  Time since last request: 22.220975 seconds.
  path: Assets/hoe.prefab
  artifactKey: Guid(6b59d5714dafb194abecfc163657a5b4) Importer(815301076,1909f56bfc062723c751e8b465ee728b)
Start importing Assets/hoe.prefab using Guid(6b59d5714dafb194abecfc163657a5b4) Importer(815301076,1909f56bfc062723c751e8b465ee728b)  -> (artifact id: '5395feb42044e3548c222111c324adf1') in 0.137430 seconds 
========================================================================
Received Import Request.
  Time since last request: 11.378817 seconds.
  path: Assets/craftpix-891167-free-farming-crops-3d-low-poly-models/fbx
  artifactKey: Guid(67e36d65db4c66e42b770ae397dd4192) Importer(815301076,1909f56bfc062723c751e8b465ee728b)
Start importing Assets/craftpix-891167-free-farming-crops-3d-low-poly-models/fbx using Guid(67e36d65db4c66e42b770ae397dd4192) Importer(815301076,1909f56bfc062723c751e8b465ee728b)  -> (artifact id: '0725527b143a94c47f5790e83f4466e7') in 0.010817 seconds 
========================================================================
Received Import Request.
  Time since last request: 0.023217 seconds.
  path: Assets/craftpix-891167-free-farming-crops-3d-low-poly-models/fbx/sunflowe_broken.fbx
  artifactKey: Guid(028edf6b03ada9f4ca62e15b94ae5ee2) Importer(815301076,1909f56bfc062723c751e8b465ee728b)
Start importing Assets/craftpix-891167-free-farming-crops-3d-low-poly-models/fbx/sunflowe_broken.fbx using Guid(028edf6b03ada9f4ca62e15b94ae5ee2) Importer(815301076,1909f56bfc062723c751e8b465ee728b)  -> (artifact id: 'c4f934f896f3c7a5112f3fcc2dd5d3b0') in 0.243706 seconds 
========================================================================
Received Import Request.
  Time since last request: 0.000023 seconds.
  path: Assets/craftpix-891167-free-farming-crops-3d-low-poly-models/fbx/sunflower.fbx
  artifactKey: Guid(4f590ded3b6caf84ca59ad3df5b19792) Importer(815301076,1909f56bfc062723c751e8b465ee728b)
Start importing Assets/craftpix-891167-free-farming-crops-3d-low-poly-models/fbx/sunflower.fbx using Guid(4f590ded3b6caf84ca59ad3df5b19792) Importer(815301076,1909f56bfc062723c751e8b465ee728b)  -> (artifact id: '1cc33f413c64ca711eee2f32b1b3d7f0') in 0.048669 seconds 
========================================================================
Received Import Request.
  Time since last request: 0.000027 seconds.
  path: Assets/craftpix-891167-free-farming-crops-3d-low-poly-models/fbx/wheat2.fbx
  artifactKey: Guid(4c154d1eb47ae0d4c98f969f7eb1893f) Importer(815301076,1909f56bfc062723c751e8b465ee728b)
Start importing Assets/craftpix-891167-free-farming-crops-3d-low-poly-models/fbx/wheat2.fbx using Guid(4c154d1eb47ae0d4c98f969f7eb1893f) Importer(815301076,1909f56bfc062723c751e8b465ee728b)  -> (artifact id: '83e5066f37a2fd4775ce614e1104daea') in 0.044486 seconds 
========================================================================
Received Import Request.
  Time since last request: 0.000017 seconds.
  path: Assets/craftpix-891167-free-farming-crops-3d-low-poly-models/fbx/tomato.fbx
  artifactKey: Guid(131d82f535965304e8fce3511fc54464) Importer(815301076,1909f56bfc062723c751e8b465ee728b)
Start importing Assets/craftpix-891167-free-farming-crops-3d-low-poly-models/fbx/tomato.fbx using Guid(131d82f535965304e8fce3511fc54464) Importer(815301076,1909f56bfc062723c751e8b465ee728b)  -> (artifact id: 'b39ef259bd260eb2cce53c76a323f921') in 0.037832 seconds 
========================================================================
Received Import Request.
  Time since last request: 0.000020 seconds.
  path: Assets/craftpix-891167-free-farming-crops-3d-low-poly-models/fbx/wheat1.fbx
  artifactKey: Guid(72fe86d7776c89b4daed1e23a0879068) Importer(815301076,1909f56bfc062723c751e8b465ee728b)
Start importing Assets/craftpix-891167-free-farming-crops-3d-low-poly-models/fbx/wheat1.fbx using Guid(72fe86d7776c89b4daed1e23a0879068) Importer(815301076,1909f56bfc062723c751e8b465ee728b)  -> (artifact id: '8a85e31a21ff63ad6425df61a7595aa3') in 0.037588 seconds 
========================================================================
Received Import Request.
  Time since last request: 25.042415 seconds.
  path: Assets/MyAnimations/hoe_loosen.fbx
  artifactKey: Guid(72e19e33381f804409e023a22c3a3772) Importer(815301076,1909f56bfc062723c751e8b465ee728b)
Start importing Assets/MyAnimations/hoe_loosen.fbx using Guid(72e19e33381f804409e023a22c3a3772) Importer(815301076,1909f56bfc062723c751e8b465ee728b)  -> (artifact id: '094644ea4f536a7f470491f9023cad90') in 0.049762 seconds 
